1527348861406	geckodriver	INFO	geckodriver 0.20.1
1527348861417	geckodriver	INFO	Listening on 127.0.0.1:55738
1527348862426	mozrunner::runner	INFO	Running command: "/Applications/Firefox.app/Contents/MacOS/firefox-bin" "-marionette" "-profile" "/var/folders/2p/jyd9nxxd7tz58v66q53zwrv00000gn/T/rust_mozprofile.VQnr5jONioUu"
2018-05-27 00:34:24.542 plugin-container[9980:12679512] *** CFMessagePort: bootstrap_register(): failed 1100 (0x44c) 'Permission denied', port = 0x7b3f, name = 'com.apple.tsm.portname'
See /usr/include/servers/bootstrap_defs.h for the error codes.
1527348865193	Marionette	INFO	Listening on port 55749
1527348865292	Marionette	WARN	TLS certificate errors will be ignored for this session
2018-05-27 00:34:25.911 plugin-container[9981:12679602] *** CFMessagePort: bootstrap_register(): failed 1100 (0x44c) 'Permission denied', port = 0x7303, name = 'com.apple.tsm.portname'
See /usr/include/servers/bootstrap_defs.h for the error codes.
1527348873631	geckodriver	INFO	geckodriver 0.20.1
1527348873638	geckodriver	INFO	Listening on 127.0.0.1:55818
1527348874652	mozrunner::runner	INFO	Running command: "/Applications/Firefox.app/Contents/MacOS/firefox-bin" "-marionette" "-profile" "/var/folders/2p/jyd9nxxd7tz58v66q53zwrv00000gn/T/rust_mozprofile.3v7b6IUUHeqh"
2018-05-27 00:34:36.254 plugin-container[9993:12680007] *** CFMessagePort: bootstrap_register(): failed 1100 (0x44c) 'Permission denied', port = 0x7743, name = 'com.apple.tsm.portname'
See /usr/include/servers/bootstrap_defs.h for the error codes.
1527348876773	Marionette	INFO	Listening on port 55829
1527348876856	Marionette	WARN	TLS certificate errors will be ignored for this session
2018-05-27 00:34:37.509 plugin-container[9994:12680091] *** CFMessagePort: bootstrap_register(): failed 1100 (0x44c) 'Permission denied', port = 0x7303, name = 'com.apple.tsm.portname'
See /usr/include/servers/bootstrap_defs.h for the error codes.
JavaScript warning: https://static.tacdn.com/js3/mootools-c-v22003990961b.js, line 13: String.toLowerCase is deprecated; use String.prototype.toLowerCase instead
*** UTM:SVC TimerManager:registerTimer called after profile-before-change notification. Ignoring timer registration for id: telemetry_modules_ping
1527348902016	geckodriver	INFO	geckodriver 0.20.1
1527348902024	geckodriver	INFO	Listening on 127.0.0.1:56032
1527348903040	mozrunner::runner	INFO	Running command: "/Applications/Firefox.app/Contents/MacOS/firefox-bin" "-marionette" "-profile" "/var/folders/2p/jyd9nxxd7tz58v66q53zwrv00000gn/T/rust_mozprofile.KDhgs5ddZHfc"
2018-05-27 00:35:04.783 plugin-container[10006:12681161] *** CFMessagePort: bootstrap_register(): failed 1100 (0x44c) 'Permission denied', port = 0x7743, name = 'com.apple.tsm.portname'
See /usr/include/servers/bootstrap_defs.h for the error codes.
1527348905338	Marionette	INFO	Listening on port 56043
1527348905401	Marionette	WARN	TLS certificate errors will be ignored for this session
2018-05-27 00:35:07.030 plugin-container[10007:12681449] *** CFMessagePort: bootstrap_register(): failed 1100 (0x44c) 'Permission denied', port = 0x8b07, name = 'com.apple.tsm.portname'
See /usr/include/servers/bootstrap_defs.h for the error codes.
JavaScript warning: https://static.tacdn.com/js3/mootools-c-v22003990961b.js, line 13: String.toLowerCase is deprecated; use String.prototype.toLowerCase instead

###!!! [Child][RunMessage] Error: Channel closing: too late to send/recv, messages will be lost

*** UTM:SVC TimerManager:registerTimer called after profile-before-change notification. Ignoring timer registration for id: telemetry_modules_ping
1527348961321	geckodriver	INFO	geckodriver 0.20.1
1527348961329	geckodriver	INFO	Listening on 127.0.0.1:56274
1527348962342	mozrunner::runner	INFO	Running command: "/Applications/Firefox.app/Contents/MacOS/firefox-bin" "-marionette" "-profile" "/var/folders/2p/jyd9nxxd7tz58v66q53zwrv00000gn/T/rust_mozprofile.ssZr0gRnIwCr"
2018-05-27 00:36:04.778 plugin-container[10024:12685205] *** CFMessagePort: bootstrap_register(): failed 1100 (0x44c) 'Permission denied', port = 0x703f, name = 'com.apple.tsm.portname'
See /usr/include/servers/bootstrap_defs.h for the error codes.
2018-05-27 00:36:05.708 plugin-container[10025:12685340] *** CFMessagePort: bootstrap_register(): failed 1100 (0x44c) 'Permission denied', port = 0x843f, name = 'com.apple.tsm.portname'
See /usr/include/servers/bootstrap_defs.h for the error codes.
1527348965732	Marionette	INFO	Listening on port 56285
1527348965833	Marionette	WARN	TLS certificate errors will be ignored for this session
JavaScript warning: https://static.tacdn.com/js3/mootools-c-v22003990961b.js, line 13: String.toLowerCase is deprecated; use String.prototype.toLowerCase instead
*** UTM:SVC TimerManager:registerTimer called after profile-before-change notification. Ignoring timer registration for id: telemetry_modules_ping
1527348979478	geckodriver	INFO	geckodriver 0.20.1
1527348979486	geckodriver	INFO	Listening on 127.0.0.1:56515
1527348980501	mozrunner::runner	INFO	Running command: "/Applications/Firefox.app/Contents/MacOS/firefox-bin" "-marionette" "-profile" "/var/folders/2p/jyd9nxxd7tz58v66q53zwrv00000gn/T/rust_mozprofile.jY74sT72H6O4"
2018-05-27 00:36:22.599 plugin-container[10031:12686306] *** CFMessagePort: bootstrap_register(): failed 1100 (0x44c) 'Permission denied', port = 0x8a3f, name = 'com.apple.tsm.portname'
See /usr/include/servers/bootstrap_defs.h for the error codes.
1527348983361	Marionette	INFO	Listening on port 56526
1527348983432	Marionette	WARN	TLS certificate errors will be ignored for this session
2018-05-27 00:36:23.767 plugin-container[10032:12686381] *** CFMessagePort: bootstrap_register(): failed 1100 (0x44c) 'Permission denied', port = 0x843f, name = 'com.apple.tsm.portname'
See /usr/include/servers/bootstrap_defs.h for the error codes.
JavaScript warning: https://static.tacdn.com/js3/mootools-c-v22003990961b.js, line 13: String.toLowerCase is deprecated; use String.prototype.toLowerCase instead
*** UTM:SVC TimerManager:registerTimer called after profile-before-change notification. Ignoring timer registration for id: telemetry_modules_ping

###!!! [Parent][RunMessage] Error: Channel closing: too late to send/recv, messages will be lost

1527349650645	geckodriver	INFO	geckodriver 0.20.1
1527349650655	geckodriver	INFO	Listening on 127.0.0.1:56839
1527349651667	mozrunner::runner	INFO	Running command: "/Applications/Firefox.app/Contents/MacOS/firefox-bin" "-marionette" "-profile" "/var/folders/2p/jyd9nxxd7tz58v66q53zwrv00000gn/T/rust_mozprofile.EByVVUS2NgQA"
2018-05-27 00:47:33.792 plugin-container[10135:12708717] *** CFMessagePort: bootstrap_register(): failed 1100 (0x44c) 'Permission denied', port = 0x840b, name = 'com.apple.tsm.portname'
See /usr/include/servers/bootstrap_defs.h for the error codes.
1527349654399	Marionette	INFO	Listening on port 56850
1527349654506	Marionette	WARN	TLS certificate errors will be ignored for this session
2018-05-27 00:47:34.587 plugin-container[10137:12708883] *** CFMessagePort: bootstrap_register(): failed 1100 (0x44c) 'Permission denied', port = 0x723f, name = 'com.apple.tsm.portname'
See /usr/include/servers/bootstrap_defs.h for the error codes.
JavaScript warning: https://static.tacdn.com/js3/mootools-c-v22003990961b.js, line 13: String.toLowerCase is deprecated; use String.prototype.toLowerCase instead
JavaScript error: resource:///modules/FormSubmitObserver.jsm, line 214: TypeError: this._mm is null
*** UTM:SVC TimerManager:registerTimer called after profile-before-change notification. Ignoring timer registration for id: telemetry_modules_ping

###!!! [Parent][RunMessage] Error: Channel closing: too late to send/recv, messages will be lost

1527349669499	geckodriver	INFO	geckodriver 0.20.1
1527349669506	geckodriver	INFO	Listening on 127.0.0.1:56962
1527349670523	mozrunner::runner	INFO	Running command: "/Applications/Firefox.app/Contents/MacOS/firefox-bin" "-marionette" "-profile" "/var/folders/2p/jyd9nxxd7tz58v66q53zwrv00000gn/T/rust_mozprofile.22i8vi1fZWsY"
2018-05-27 00:47:52.462 plugin-container[10147:12710092] *** CFMessagePort: bootstrap_register(): failed 1100 (0x44c) 'Permission denied', port = 0x7b37, name = 'com.apple.tsm.portname'
See /usr/include/servers/bootstrap_defs.h for the error codes.
1527349673358	Marionette	INFO	Listening on port 56973
1527349673417	Marionette	WARN	TLS certificate errors will be ignored for this session
2018-05-27 00:47:53.768 plugin-container[10148:12710204] *** CFMessagePort: bootstrap_register(): failed 1100 (0x44c) 'Permission denied', port = 0x823f, name = 'com.apple.tsm.portname'
See /usr/include/servers/bootstrap_defs.h for the error codes.
JavaScript warning: https://static.tacdn.com/js3/mootools-c-v22003990961b.js, line 13: String.toLowerCase is deprecated; use String.prototype.toLowerCase instead
*** UTM:SVC TimerManager:registerTimer called after profile-before-change notification. Ignoring timer registration for id: telemetry_modules_ping
1527349685989	geckodriver	INFO	geckodriver 0.20.1
1527349686001	geckodriver	INFO	Listening on 127.0.0.1:57193
1527349687012	mozrunner::runner	INFO	Running command: "/Applications/Firefox.app/Contents/MacOS/firefox-bin" "-marionette" "-profile" "/var/folders/2p/jyd9nxxd7tz58v66q53zwrv00000gn/T/rust_mozprofile.ZHJ5n3VHMJdc"
2018-05-27 00:48:09.594 plugin-container[10153:12711370] *** CFMessagePort: bootstrap_register(): failed 1100 (0x44c) 'Permission denied', port = 0x703b, name = 'com.apple.tsm.portname'
See /usr/include/servers/bootstrap_defs.h for the error codes.
2018-05-27 00:48:10.745 plugin-container[10154:12711501] *** CFMessagePort: bootstrap_register(): failed 1100 (0x44c) 'Permission denied', port = 0x883f, name = 'com.apple.tsm.portname'
See /usr/include/servers/bootstrap_defs.h for the error codes.
1527349691055	Marionette	INFO	Listening on port 57205
1527349691127	Marionette	WARN	TLS certificate errors will be ignored for this session
JavaScript warning: https://static.tacdn.com/js3/mootools-c-v22003990961b.js, line 13: String.toLowerCase is deprecated; use String.prototype.toLowerCase instead
JavaScript error: resource:///modules/FormSubmitObserver.jsm, line 214: TypeError: this._mm is null
IPDL protocol error: Handler returned error code!

###!!! [Parent][DispatchAsyncMessage] Error: PLayerTransaction::Msg_ReleaseLayer Processing error: message was deserialized, but the handler returned false (indicating failure)

IPDL protocol error: Handler returned error code!

###!!! [Parent][DispatchAsyncMessage] Error: PLayerTransaction::Msg_ReleaseLayer Processing error: message was deserialized, but the handler returned false (indicating failure)


###!!! [Child][RunMessage] Error: Channel closing: too late to send/recv, messages will be lost


###!!! [Child][RunMessage] Error: Channel closing: too late to send/recv, messages will be lost


###!!! [Child][RunMessage] Error: Channel closing: too late to send/recv, messages will be lost


###!!! [Child][RunMessage] Error: Channel closing: too late to send/recv, messages will be lost


###!!! [Child][RunMessage] Error: Channel closing: too late to send/recv, messages will be lost


###!!! [Child][RunMessage] Error: Channel closing: too late to send/recv, messages will be lost

*** UTM:SVC TimerManager:registerTimer called after profile-before-change notification. Ignoring timer registration for id: telemetry_modules_ping
