[INFO  - 2018-05-25T14:30:35.106Z] GhostDriver - Main - running on port 53701
[INFO  - 2018-05-25T14:30:35.345Z] Session [2fe698c0-6028-11e8-93db-9bf20c462948] - page.settings - {"XSSAuditingEnabled":false,"javascriptCanCloseWindows":true,"javascriptCanOpenWindows":true,"javascriptEnabled":true,"loadImages":true,"localToRemoteUrlAccessEnabled":false,"userAgent":"Mozilla/5.0 (Macintosh; Intel Mac OS X) AppleWebKit/538.1 (KHTML, like Gecko) PhantomJS/2.1.1 Safari/538.1","webSecurityEnabled":true}
[INFO  - 2018-05-25T14:30:35.345Z] Session [2fe698c0-6028-11e8-93db-9bf20c462948] - page.customHeaders:  - {}
[INFO  - 2018-05-25T14:30:35.345Z] Session [2fe698c0-6028-11e8-93db-9bf20c462948] - Session.negotiatedCapabilities - {"browserName":"phantomjs","version":"2.1.1","driverName":"ghostdriver","driverVersion":"1.2.0","platform":"mac-unknown-64bit","javascriptEnabled":true,"takesScreenshot":true,"handlesAlerts":false,"databaseEnabled":false,"locationContextEnabled":false,"applicationCacheEnabled":false,"browserConnectionEnabled":false,"cssSelectorsEnabled":true,"webStorageEnabled":false,"rotatable":false,"acceptSslCerts":false,"nativeEvents":true,"proxy":{"proxyType":"direct"}}
[INFO  - 2018-05-25T14:30:35.345Z] SessionManagerReqHand - _postNewSessionCommand - New Session Created: 2fe698c0-6028-11e8-93db-9bf20c462948
[ERROR - 2018-05-25T14:30:38.157Z] Session [2fe698c0-6028-11e8-93db-9bf20c462948] - page.onError - msg: Error in require callback:  ReferenceError: Can't find variable: Map

  phantomjs://platform/console++.js:263 in error
[ERROR - 2018-05-25T14:30:38.157Z] Session [2fe698c0-6028-11e8-93db-9bf20c462948] - page.onError - stack:
  L (https://static.tacdn.com/js3/tripadvisor-c-v22924305025b.js:1)

  phantomjs://platform/console++.js:263 in error
[ERROR - 2018-05-25T14:30:39.121Z] Session [2fe698c0-6028-11e8-93db-9bf20c462948] - page.onError - msg: Page 'load' event fired but we have not resolved the 'maps/v3/cardController' AMD module due to missing dependencies: maps/v3/carouselController

  phantomjs://platform/console++.js:263 in error
[ERROR - 2018-05-25T14:30:39.121Z] Session [2fe698c0-6028-11e8-93db-9bf20c462948] - page.onError - stack:
  L (https://static.tacdn.com/js3/tripadvisor-c-v22924305025b.js:1)

  phantomjs://platform/console++.js:263 in error
[ERROR - 2018-05-25T14:30:39.121Z] Session [2fe698c0-6028-11e8-93db-9bf20c462948] - page.onError - msg: Page 'load' event fired but we have not resolved the 'maps/v3/carouselController' AMD module

  phantomjs://platform/console++.js:263 in error
[ERROR - 2018-05-25T14:30:39.122Z] Session [2fe698c0-6028-11e8-93db-9bf20c462948] - page.onError - stack:
  L (https://static.tacdn.com/js3/tripadvisor-c-v22924305025b.js:1)

  phantomjs://platform/console++.js:263 in error
[ERROR - 2018-05-25T14:30:39.122Z] Session [2fe698c0-6028-11e8-93db-9bf20c462948] - page.onError - msg: Page 'load' event fired but we have not resolved the 'maps/v3/pinsWidgetController' AMD module due to missing dependencies: maps/v3/cardController

  phantomjs://platform/console++.js:263 in error
[ERROR - 2018-05-25T14:30:39.122Z] Session [2fe698c0-6028-11e8-93db-9bf20c462948] - page.onError - stack:
  L (https://static.tacdn.com/js3/tripadvisor-c-v22924305025b.js:1)

  phantomjs://platform/console++.js:263 in error
[ERROR - 2018-05-25T14:30:39.122Z] Session [2fe698c0-6028-11e8-93db-9bf20c462948] - page.onError - msg: Page 'load' event fired but we have not resolved the '$prw/maps_current_attraction_pin/handlers' AMD module due to missing dependencies: maps/v3/pinsWidgetController

  phantomjs://platform/console++.js:263 in error
[ERROR - 2018-05-25T14:30:39.122Z] Session [2fe698c0-6028-11e8-93db-9bf20c462948] - page.onError - stack:
  L (https://static.tacdn.com/js3/tripadvisor-c-v22924305025b.js:1)

  phantomjs://platform/console++.js:263 in error
[ERROR - 2018-05-25T14:30:39.122Z] Session [2fe698c0-6028-11e8-93db-9bf20c462948] - page.onError - msg: Page 'load' event fired but we have not resolved the '$prw/maps_hotel_card/handlers' AMD module due to missing dependencies: maps/v3/cardController

  phantomjs://platform/console++.js:263 in error
[ERROR - 2018-05-25T14:30:39.122Z] Session [2fe698c0-6028-11e8-93db-9bf20c462948] - page.onError - stack:
  L (https://static.tacdn.com/js3/tripadvisor-c-v22924305025b.js:1)

  phantomjs://platform/console++.js:263 in error
[ERROR - 2018-05-25T14:30:39.123Z] Session [2fe698c0-6028-11e8-93db-9bf20c462948] - page.onError - msg: Page 'load' event fired but we have not resolved the '$prw/maps_card_compact/handlers' AMD module due to missing dependencies: maps/v3/cardController

  phantomjs://platform/console++.js:263 in error
[ERROR - 2018-05-25T14:30:39.123Z] Session [2fe698c0-6028-11e8-93db-9bf20c462948] - page.onError - stack:
  L (https://static.tacdn.com/js3/tripadvisor-c-v22924305025b.js:1)

  phantomjs://platform/console++.js:263 in error
[ERROR - 2018-05-25T14:30:39.123Z] Session [2fe698c0-6028-11e8-93db-9bf20c462948] - page.onError - msg: Page 'load' event fired but we have not resolved the '$prw/maps_attractions_nearby_pins/handlers' AMD module due to missing dependencies: maps/v3/pinsWidgetController

  phantomjs://platform/console++.js:263 in error
[ERROR - 2018-05-25T14:30:39.123Z] Session [2fe698c0-6028-11e8-93db-9bf20c462948] - page.onError - stack:
  L (https://static.tacdn.com/js3/tripadvisor-c-v22924305025b.js:1)

  phantomjs://platform/console++.js:263 in error
[ERROR - 2018-05-25T14:30:39.123Z] Session [2fe698c0-6028-11e8-93db-9bf20c462948] - page.onError - msg: Page 'load' event fired but we have not resolved the '$prw/maps_restaurants_nearby_pins/handlers' AMD module due to missing dependencies: maps/v3/pinsWidgetController

  phantomjs://platform/console++.js:263 in error
[ERROR - 2018-05-25T14:30:39.123Z] Session [2fe698c0-6028-11e8-93db-9bf20c462948] - page.onError - stack:
  L (https://static.tacdn.com/js3/tripadvisor-c-v22924305025b.js:1)

  phantomjs://platform/console++.js:263 in error
[ERROR - 2018-05-25T14:30:39.123Z] Session [2fe698c0-6028-11e8-93db-9bf20c462948] - page.onError - msg: Page 'load' event fired but we have not resolved the '$prw/maps_hotels_nearby_pins/handlers' AMD module due to missing dependencies: maps/v3/pinsWidgetController

  phantomjs://platform/console++.js:263 in error
[ERROR - 2018-05-25T14:30:39.124Z] Session [2fe698c0-6028-11e8-93db-9bf20c462948] - page.onError - stack:
  L (https://static.tacdn.com/js3/tripadvisor-c-v22924305025b.js:1)

  phantomjs://platform/console++.js:263 in error
[ERROR - 2018-05-25T14:30:39.124Z] Session [2fe698c0-6028-11e8-93db-9bf20c462948] - page.onError - msg: Page 'load' event fired but we have not resolved the '$prw/maps_carousel/handlers' AMD module due to missing dependencies: maps/v3/carouselController

  phantomjs://platform/console++.js:263 in error
[ERROR - 2018-05-25T14:30:39.124Z] Session [2fe698c0-6028-11e8-93db-9bf20c462948] - page.onError - stack:
  L (https://static.tacdn.com/js3/tripadvisor-c-v22924305025b.js:1)

  phantomjs://platform/console++.js:263 in error
[ERROR - 2018-05-25T14:30:39.124Z] Session [2fe698c0-6028-11e8-93db-9bf20c462948] - page.onError - msg: Page 'load' event fired but we have not resolved the '$prp/responsive_map/handlers' AMD module due to missing dependencies: maps/v3/cardController

  phantomjs://platform/console++.js:263 in error
[ERROR - 2018-05-25T14:30:39.124Z] Session [2fe698c0-6028-11e8-93db-9bf20c462948] - page.onError - stack:
  L (https://static.tacdn.com/js3/tripadvisor-c-v22924305025b.js:1)

  phantomjs://platform/console++.js:263 in error
